c:\users\woen1\onedrive\바탕 화면\flychick_0526_3\flychick\x64\release\vc142.pdb
c:\users\woen1\onedrive\바탕 화면\flychick_0526_3\flychick\x64\release\maingame.obj
c:\users\woen1\onedrive\바탕 화면\flychick_0526_3\flychick\x64\release\gamefunc.obj
c:\users\woen1\onedrive\바탕 화면\flychick_0526_3\flychick\x64\release\chickstage5.obj
c:\users\woen1\onedrive\바탕 화면\flychick_0526_3\flychick\x64\release\chickstage4clear.obj
c:\users\woen1\onedrive\바탕 화면\flychick_0526_3\flychick\x64\release\chickstage4.obj
c:\users\woen1\onedrive\바탕 화면\flychick_0526_3\flychick\x64\release\chickstage3clear.obj
c:\users\woen1\onedrive\바탕 화면\flychick_0526_3\flychick\x64\release\chickstage3.obj
c:\users\woen1\onedrive\바탕 화면\flychick_0526_3\flychick\x64\release\chickstage2clear.obj
c:\users\woen1\onedrive\바탕 화면\flychick_0526_3\flychick\x64\release\chickstage2.obj
c:\users\woen1\onedrive\바탕 화면\flychick_0526_3\flychick\x64\release\chickstage1clear.obj
c:\users\woen1\onedrive\바탕 화면\flychick_0526_3\flychick\x64\release\chickstage1.obj
c:\users\woen1\onedrive\바탕 화면\flychick_0526_3\flychick\x64\release\chickopening.obj
c:\users\woen1\onedrive\바탕 화면\flychick_0526_3\flychick\x64\release\chickintro.obj
c:\users\woen1\onedrive\바탕 화면\flychick_0526_3\flychick\x64\release\chickinfinite.obj
c:\users\woen1\onedrive\바탕 화면\flychick_0526_3\flychick\x64\release\chickhow2.obj
c:\users\woen1\onedrive\바탕 화면\flychick_0526_3\flychick\x64\release\chickgameover.obj
c:\users\woen1\onedrive\바탕 화면\flychick_0526_3\flychick\x64\release\chickending.obj
c:\users\woen1\onedrive\바탕 화면\flychick_0526_3\x64\release\flychick.exe
c:\users\woen1\onedrive\바탕 화면\flychick_0526_3\flychick\x64\release\flychick.ipdb
c:\users\woen1\onedrive\바탕 화면\flychick_0526_3\flychick\x64\release\flychick.iobj
c:\users\woen1\onedrive\바탕 화면\flychick_0526_3\x64\release\flychick.pdb
c:\users\woen1\onedrive\바탕 화면\flychick_0526_3\flychick\x64\release\flychick.tlog\cl.command.1.tlog
c:\users\woen1\onedrive\바탕 화면\flychick_0526_3\flychick\x64\release\flychick.tlog\cl.read.1.tlog
c:\users\woen1\onedrive\바탕 화면\flychick_0526_3\flychick\x64\release\flychick.tlog\cl.write.1.tlog
c:\users\woen1\onedrive\바탕 화면\flychick_0526_3\flychick\x64\release\flychick.tlog\link.command.1.tlog
c:\users\woen1\onedrive\바탕 화면\flychick_0526_3\flychick\x64\release\flychick.tlog\link.read.1.tlog
c:\users\woen1\onedrive\바탕 화면\flychick_0526_3\flychick\x64\release\flychick.tlog\link.write.1.tlog
